/u/st/by/aissah/.local/lib/python3.11/site-packages/pandas/core/arrays/masked.py:60: UserWarning: Pandas requires version '1.3.6' or newer of 'bottleneck' (version '1.3.5' currently installed).
  from pandas.core import (
Data Path: /u/st/by/aissah/scratch/Cascadia-2023-04-12T23_06_38Z
Time Range: [Ellipsis, Ellipsis]
Channel Range: (50, 980)
Method: qr
Result Path: /beegfs/scratch/aissah/coherence/Coherence_Analyses/scripts/../coherence_analysis/../data/results
Reading data...
DASCore DirectorySpool ðŸ§µ (6039 Patches)
    Path: /u/st/by/aissah/scratch/Cascadia-2023-04-12T23_06_38Z
(30000, 7020)
DASCore DirectorySpool ðŸ§µ (2443 Patches)
    Path: /u/st/by/aissah/scratch/Cascadia-2023-04-12T23_06_38Z
    Select kwargs: {'distance': array([ 50,  53,  56,  59,  62,  65,  68,  71,  74,  77,  80,  83,  86,
        89,  92,  95,  98, 101, 104, 107, 110, 113, 116, 119, 122, 125,
       128, 131, 134, 137, 140, 143, 146, 149, 152, 155, 158, 161, 164,
       167, 170, 173, 176, 179, 182, 185, 188, 191, 194, 197, 200, 203,
       206, 209, 212, 215, 218, 221, 224, 227, 230, 233, 236, 239, 242,
       245, 248, 251, 254, 257, 260, 263, 266, 269, 272, 275, 278, 281,
       284, 287, 290, 293, 296, 299, 302, 305, 308, 311, 314, 317, 320,
       323, 326, 329, 332, 335, 338, 341, 344, 347, 350, 353, 356, 359,
       362, 365, 368, 371, 374, 377, 380, 383, 386, 389, 392, 395, 398,
       401, 404, 407, 410, 413, 416, 419, 422, 425, 428, 431, 434, 437,
       440, 443, 446, 449, 452, 455, 458, 461, 464, 467, 470, 473, 476,
       479, 482, 485, 488, 491, 494, 497, 500, 503, 506, 509, 512, 515,
       518, 521, 524, 527, 530, 533, 536, 539, 542, 545, 548, 551, 554,
       557, 560, 563, 566, 569, 572, 575, 578, 581, 584, 587, 590, 593,
       596, 599, 602, 605, 608, 611, 614, 617, 620, 623, 626, 629, 632,
       635, 638, 641, 644, 647, 650, 653, 656, 659, 662, 665, 668, 671,
       674, 677, 680, 683, 686, 689, 692, 695, 698, 701, 704, 707, 710,
       713, 716, 719, 722, 725, 728, 731, 734, 737, 740, 743, 746, 749,
       752, 755, 758, 761, 764, 767, 770, 773, 776, 779, 782, 785, 788,
       791, 794, 797, 800, 803, 806, 809, 812, 815, 818, 821, 824, 827,
       830, 833, 836, 839, 842, 845, 848, 851, 854, 857, 860, 863, 866,
       869, 872, 875, 878, 881, 884, 887, 890, 893, 896, 899, 902, 905,
       908, 911, 914, 917, 920, 923, 926, 929, 932, 935, 938, 941, 944,
       947, 950, 953, 956, 959, 962, 965, 968, 971, 974, 977]), 'samples': True}
Traceback (most recent call last):
  File "/u/st/by/aissah/.local/lib/python3.11/site-packages/pandas/core/indexes/range.py", line 1018, in __getitem__
    return self._range[new_key]
           ~~~~~~~~~~~^^^^^^^^^
IndexError: range object index out of range

The above exception was the direct cause of the following exception:

Traceback (most recent call last):
  File "/u/st/by/aissah/.local/lib/python3.11/site-packages/dascore/core/spool.py", line 398, in _get_patches_from_index
    inds = self._df.index[df_ind]
           ~~~~~~~~~~~~~~^^^^^^^^
  File "/u/st/by/aissah/.local/lib/python3.11/site-packages/pandas/core/indexes/range.py", line 1020, in __getitem__
    raise IndexError(
IndexError: index 0 is out of bounds for axis 0 with size 0

During handling of the above exception, another exception occurred:

Traceback (most recent call last):
  File "/beegfs/scratch/aissah/coherence/Coherence_Analyses/scripts/../coherence_analysis/coherence_analysis.py", line 283, in <module>
    coherence_instance.read_data()
  File "/beegfs/scratch/aissah/coherence/Coherence_Analyses/scripts/../coherence_analysis/coherence_analysis.py", line 178, in read_data
    print(self.spool[0].data.shape)
          ~~~~~~~~~~^^^
  File "/u/st/by/aissah/.local/lib/python3.11/site-packages/dascore/core/spool.py", line 376, in __getitem__
    out = self._unbox_patch(self._get_patches_from_index(item))
                            ^^^^^^^^^^^^^^^^^^^^^^^^^^^^^^^^^^
  File "/u/st/by/aissah/.local/lib/python3.11/site-packages/dascore/core/spool.py", line 405, in _get_patches_from_index
    return self._patch_from_instruction_df(joined)
           ^^^^^^^^^^^^^^^^^^^^^^^^^^^^^^^^^^^^^^^
  File "/u/st/by/aissah/.local/lib/python3.11/site-packages/dascore/core/spool.py", line 415, in _patch_from_instruction_df
    patch = self._load_patch(kwargs)
            ^^^^^^^^^^^^^^^^^^^^^^^^
  File "/u/st/by/aissah/.local/lib/python3.11/site-packages/dascore/clients/dirspool.py", line 129, in _load_patch
    patch = dc.read(**final_kwargs)[0]
            ~~~~~~~~~~~~~~~~~~~~~~~^^^
  File "/u/st/by/aissah/.local/lib/python3.11/site-packages/dascore/core/spool.py", line 376, in __getitem__
    out = self._unbox_patch(self._get_patches_from_index(item))
                            ^^^^^^^^^^^^^^^^^^^^^^^^^^^^^^^^^^
  File "/u/st/by/aissah/.local/lib/python3.11/site-packages/dascore/core/spool.py", line 401, in _get_patches_from_index
    raise IndexError(msg)
IndexError: index of [0] is out of bounds for spool.
QR Job finished
/u/st/by/aissah/.local/lib/python3.11/site-packages/pandas/core/arrays/masked.py:60: UserWarning: Pandas requires version '1.3.6' or newer of 'bottleneck' (version '1.3.5' currently installed).
  from pandas.core import (
Data Path: /u/st/by/aissah/scratch/Cascadia-2023-04-12T23_06_38Z
Time Range: [Ellipsis, Ellipsis]
Channel Range: (50, 980)
Method: exact
Result Path: /beegfs/scratch/aissah/coherence/Coherence_Analyses/scripts/../coherence_analysis/../data/results
Reading data...
DASCore DirectorySpool ðŸ§µ (6039 Patches)
    Path: /u/st/by/aissah/scratch/Cascadia-2023-04-12T23_06_38Z
(30000, 7020)
DASCore DirectorySpool ðŸ§µ (2443 Patches)
    Path: /u/st/by/aissah/scratch/Cascadia-2023-04-12T23_06_38Z
    Select kwargs: {'samples': True, 'distance': array([ 50,  53,  56,  59,  62,  65,  68,  71,  74,  77,  80,  83,  86,
        89,  92,  95,  98, 101, 104, 107, 110, 113, 116, 119, 122, 125,
       128, 131, 134, 137, 140, 143, 146, 149, 152, 155, 158, 161, 164,
       167, 170, 173, 176, 179, 182, 185, 188, 191, 194, 197, 200, 203,
       206, 209, 212, 215, 218, 221, 224, 227, 230, 233, 236, 239, 242,
       245, 248, 251, 254, 257, 260, 263, 266, 269, 272, 275, 278, 281,
       284, 287, 290, 293, 296, 299, 302, 305, 308, 311, 314, 317, 320,
       323, 326, 329, 332, 335, 338, 341, 344, 347, 350, 353, 356, 359,
       362, 365, 368, 371, 374, 377, 380, 383, 386, 389, 392, 395, 398,
       401, 404, 407, 410, 413, 416, 419, 422, 425, 428, 431, 434, 437,
       440, 443, 446, 449, 452, 455, 458, 461, 464, 467, 470, 473, 476,
       479, 482, 485, 488, 491, 494, 497, 500, 503, 506, 509, 512, 515,
       518, 521, 524, 527, 530, 533, 536, 539, 542, 545, 548, 551, 554,
       557, 560, 563, 566, 569, 572, 575, 578, 581, 584, 587, 590, 593,
       596, 599, 602, 605, 608, 611, 614, 617, 620, 623, 626, 629, 632,
       635, 638, 641, 644, 647, 650, 653, 656, 659, 662, 665, 668, 671,
       674, 677, 680, 683, 686, 689, 692, 695, 698, 701, 704, 707, 710,
       713, 716, 719, 722, 725, 728, 731, 734, 737, 740, 743, 746, 749,
       752, 755, 758, 761, 764, 767, 770, 773, 776, 779, 782, 785, 788,
       791, 794, 797, 800, 803, 806, 809, 812, 815, 818, 821, 824, 827,
       830, 833, 836, 839, 842, 845, 848, 851, 854, 857, 860, 863, 866,
       869, 872, 875, 878, 881, 884, 887, 890, 893, 896, 899, 902, 905,
       908, 911, 914, 917, 920, 923, 926, 929, 932, 935, 938, 941, 944,
       947, 950, 953, 956, 959, 962, 965, 968, 971, 974, 977])}
Traceback (most recent call last):
  File "/u/st/by/aissah/.local/lib/python3.11/site-packages/pandas/core/indexes/range.py", line 1018, in __getitem__
    return self._range[new_key]
           ~~~~~~~~~~~^^^^^^^^^
IndexError: range object index out of range

The above exception was the direct cause of the following exception:

Traceback (most recent call last):
  File "/u/st/by/aissah/.local/lib/python3.11/site-packages/dascore/core/spool.py", line 398, in _get_patches_from_index
    inds = self._df.index[df_ind]
           ~~~~~~~~~~~~~~^^^^^^^^
  File "/u/st/by/aissah/.local/lib/python3.11/site-packages/pandas/core/indexes/range.py", line 1020, in __getitem__
    raise IndexError(
IndexError: index 0 is out of bounds for axis 0 with size 0

During handling of the above exception, another exception occurred:

Traceback (most recent call last):
  File "/beegfs/scratch/aissah/coherence/Coherence_Analyses/scripts/../coherence_analysis/coherence_analysis.py", line 283, in <module>
    coherence_instance.read_data()
  File "/beegfs/scratch/aissah/coherence/Coherence_Analyses/scripts/../coherence_analysis/coherence_analysis.py", line 178, in read_data
    print(self.spool[0].data.shape)
          ~~~~~~~~~~^^^
  File "/u/st/by/aissah/.local/lib/python3.11/site-packages/dascore/core/spool.py", line 376, in __getitem__
    out = self._unbox_patch(self._get_patches_from_index(item))
                            ^^^^^^^^^^^^^^^^^^^^^^^^^^^^^^^^^^
  File "/u/st/by/aissah/.local/lib/python3.11/site-packages/dascore/core/spool.py", line 405, in _get_patches_from_index
    return self._patch_from_instruction_df(joined)
           ^^^^^^^^^^^^^^^^^^^^^^^^^^^^^^^^^^^^^^^
  File "/u/st/by/aissah/.local/lib/python3.11/site-packages/dascore/core/spool.py", line 415, in _patch_from_instruction_df
    patch = self._load_patch(kwargs)
            ^^^^^^^^^^^^^^^^^^^^^^^^
  File "/u/st/by/aissah/.local/lib/python3.11/site-packages/dascore/clients/dirspool.py", line 129, in _load_patch
    patch = dc.read(**final_kwargs)[0]
            ~~~~~~~~~~~~~~~~~~~~~~~^^^
  File "/u/st/by/aissah/.local/lib/python3.11/site-packages/dascore/core/spool.py", line 376, in __getitem__
    out = self._unbox_patch(self._get_patches_from_index(item))
                            ^^^^^^^^^^^^^^^^^^^^^^^^^^^^^^^^^^
  File "/u/st/by/aissah/.local/lib/python3.11/site-packages/dascore/core/spool.py", line 401, in _get_patches_from_index
    raise IndexError(msg)
IndexError: index of [0] is out of bounds for spool.
Exact Job finished
/u/st/by/aissah/.local/lib/python3.11/site-packages/pandas/core/arrays/masked.py:60: UserWarning: Pandas requires version '1.3.6' or newer of 'bottleneck' (version '1.3.5' currently installed).
  from pandas.core import (
Data Path: /u/st/by/aissah/scratch/Cascadia-2023-04-12T23_06_38Z
Time Range: [Ellipsis, Ellipsis]
Channel Range: (50, 980)
Method: svd
Result Path: /beegfs/scratch/aissah/coherence/Coherence_Analyses/scripts/../coherence_analysis/../data/results
Reading data...
DASCore DirectorySpool ðŸ§µ (6039 Patches)
    Path: /u/st/by/aissah/scratch/Cascadia-2023-04-12T23_06_38Z
(30000, 7020)
DASCore DirectorySpool ðŸ§µ (2443 Patches)
    Path: /u/st/by/aissah/scratch/Cascadia-2023-04-12T23_06_38Z
    Select kwargs: {'distance': array([ 50,  53,  56,  59,  62,  65,  68,  71,  74,  77,  80,  83,  86,
        89,  92,  95,  98, 101, 104, 107, 110, 113, 116, 119, 122, 125,
       128, 131, 134, 137, 140, 143, 146, 149, 152, 155, 158, 161, 164,
       167, 170, 173, 176, 179, 182, 185, 188, 191, 194, 197, 200, 203,
       206, 209, 212, 215, 218, 221, 224, 227, 230, 233, 236, 239, 242,
       245, 248, 251, 254, 257, 260, 263, 266, 269, 272, 275, 278, 281,
       284, 287, 290, 293, 296, 299, 302, 305, 308, 311, 314, 317, 320,
       323, 326, 329, 332, 335, 338, 341, 344, 347, 350, 353, 356, 359,
       362, 365, 368, 371, 374, 377, 380, 383, 386, 389, 392, 395, 398,
       401, 404, 407, 410, 413, 416, 419, 422, 425, 428, 431, 434, 437,
       440, 443, 446, 449, 452, 455, 458, 461, 464, 467, 470, 473, 476,
       479, 482, 485, 488, 491, 494, 497, 500, 503, 506, 509, 512, 515,
       518, 521, 524, 527, 530, 533, 536, 539, 542, 545, 548, 551, 554,
       557, 560, 563, 566, 569, 572, 575, 578, 581, 584, 587, 590, 593,
       596, 599, 602, 605, 608, 611, 614, 617, 620, 623, 626, 629, 632,
       635, 638, 641, 644, 647, 650, 653, 656, 659, 662, 665, 668, 671,
       674, 677, 680, 683, 686, 689, 692, 695, 698, 701, 704, 707, 710,
       713, 716, 719, 722, 725, 728, 731, 734, 737, 740, 743, 746, 749,
       752, 755, 758, 761, 764, 767, 770, 773, 776, 779, 782, 785, 788,
       791, 794, 797, 800, 803, 806, 809, 812, 815, 818, 821, 824, 827,
       830, 833, 836, 839, 842, 845, 848, 851, 854, 857, 860, 863, 866,
       869, 872, 875, 878, 881, 884, 887, 890, 893, 896, 899, 902, 905,
       908, 911, 914, 917, 920, 923, 926, 929, 932, 935, 938, 941, 944,
       947, 950, 953, 956, 959, 962, 965, 968, 971, 974, 977]), 'samples': True}
Traceback (most recent call last):
  File "/u/st/by/aissah/.local/lib/python3.11/site-packages/pandas/core/indexes/range.py", line 1018, in __getitem__
    return self._range[new_key]
           ~~~~~~~~~~~^^^^^^^^^
IndexError: range object index out of range

The above exception was the direct cause of the following exception:

Traceback (most recent call last):
  File "/u/st/by/aissah/.local/lib/python3.11/site-packages/dascore/core/spool.py", line 398, in _get_patches_from_index
    inds = self._df.index[df_ind]
           ~~~~~~~~~~~~~~^^^^^^^^
  File "/u/st/by/aissah/.local/lib/python3.11/site-packages/pandas/core/indexes/range.py", line 1020, in __getitem__
    raise IndexError(
IndexError: index 0 is out of bounds for axis 0 with size 0

During handling of the above exception, another exception occurred:

Traceback (most recent call last):
  File "/beegfs/scratch/aissah/coherence/Coherence_Analyses/scripts/../coherence_analysis/coherence_analysis.py", line 283, in <module>
    coherence_instance.read_data()
  File "/beegfs/scratch/aissah/coherence/Coherence_Analyses/scripts/../coherence_analysis/coherence_analysis.py", line 178, in read_data
    print(self.spool[0].data.shape)
          ~~~~~~~~~~^^^
  File "/u/st/by/aissah/.local/lib/python3.11/site-packages/dascore/core/spool.py", line 376, in __getitem__
    out = self._unbox_patch(self._get_patches_from_index(item))
                            ^^^^^^^^^^^^^^^^^^^^^^^^^^^^^^^^^^
  File "/u/st/by/aissah/.local/lib/python3.11/site-packages/dascore/core/spool.py", line 405, in _get_patches_from_index
    return self._patch_from_instruction_df(joined)
           ^^^^^^^^^^^^^^^^^^^^^^^^^^^^^^^^^^^^^^^
  File "/u/st/by/aissah/.local/lib/python3.11/site-packages/dascore/core/spool.py", line 415, in _patch_from_instruction_df
    patch = self._load_patch(kwargs)
            ^^^^^^^^^^^^^^^^^^^^^^^^
  File "/u/st/by/aissah/.local/lib/python3.11/site-packages/dascore/clients/dirspool.py", line 129, in _load_patch
    patch = dc.read(**final_kwargs)[0]
            ~~~~~~~~~~~~~~~~~~~~~~~^^^
  File "/u/st/by/aissah/.local/lib/python3.11/site-packages/dascore/core/spool.py", line 376, in __getitem__
    out = self._unbox_patch(self._get_patches_from_index(item))
                            ^^^^^^^^^^^^^^^^^^^^^^^^^^^^^^^^^^
  File "/u/st/by/aissah/.local/lib/python3.11/site-packages/dascore/core/spool.py", line 401, in _get_patches_from_index
    raise IndexError(msg)
IndexError: index of [0] is out of bounds for spool.
SVD Job finished
